<?xml version="1.0" encoding="UTF-8"?>
<!-- Generated by org.testng.reporters.JUnitReportReporter -->
<testsuite skipped="0" hostname="DESKTOP-NC9DF3F" name="selenium4.NewWindow" tests="1" failures="0" timestamp="24 Jun 2020 06:24:35 GMT" time="23.001" errors="0">
  <testcase name="ElementSnap" time="23.001" classname="selenium4.NewWindow"/>
</testsuite> <!-- selenium4.NewWindow -->
