<?xml version="1.0" encoding="UTF-8"?>
<!-- Generated by org.testng.reporters.JUnitReportReporter -->
<testsuite skipped="0" hostname="DESKTOP-NC9DF3F" name="selenium4.GetLocation" tests="1" failures="0" timestamp="24 Jun 2020 06:33:29 GMT" time="9.429" errors="0">
  <testcase name="ElementSnap" time="9.429" classname="selenium4.GetLocation"/>
</testsuite> <!-- selenium4.GetLocation -->
