<?xml version="1.0" encoding="UTF-8"?>
<!-- Generated by org.testng.reporters.JUnitReportReporter -->
<testsuite skipped="0" hostname="DESKTOP-NC9DF3F" name="selenium4.Screenshot_Highlightselement" tests="1" failures="0" timestamp="25 Jun 2020 03:39:23 GMT" time="9.854" errors="0">
  <testcase name="ElementSnap" time="9.854" classname="selenium4.Screenshot_Highlightselement"/>
</testsuite> <!-- selenium4.Screenshot_Highlightselement -->
