<?xml version="1.0" encoding="UTF-8"?>
<!-- Generated by org.testng.reporters.JUnitReportReporter -->
<testsuite skipped="0" hostname="DESKTOP-NC9DF3F" name="selenium4.Snapshot" tests="1" failures="0" timestamp="25 Jun 2020 03:37:19 GMT" time="13.840" errors="0">
  <testcase name="ElementSnap" time="13.840" classname="selenium4.Snapshot"/>
</testsuite> <!-- selenium4.Snapshot -->
