<?xml version="1.0" encoding="UTF-8"?>
<!-- Generated by org.testng.reporters.JUnitReportReporter -->
<testsuite skipped="0" hostname="DESKTOP-NC9DF3F" name="selenium4.NewTab" tests="1" failures="0" timestamp="24 Jun 2020 06:14:42 GMT" time="19.991" errors="0">
  <testcase name="ElementSnap" time="19.991" classname="selenium4.NewTab"/>
</testsuite> <!-- selenium4.NewTab -->
