<?xml version="1.0" encoding="UTF-8"?>
<!-- Generated by org.testng.reporters.JUnitReportReporter -->
<testsuite hostname="DESKTOP-NC9DF3F" name="com.ibm.practice.Azuretest.App" tests="1" failures="0" timestamp="12 Aug 2021 15:58:12 GMT" time="0.012" errors="0">
  <testcase name="testMethodOne" time="0.012" classname="com.ibm.practice.Azuretest.App"/>
</testsuite> <!-- com.ibm.practice.Azuretest.App -->
